Build started 11/14/2017 10:11:01 AM.
     1>Project "c:\documents and settings\administrator\my documents\visual studio 2010\Projects\inject_all_file_cplus\inject_all_file_cplus\inject_all_file_cplus.vcxproj" on node 2 (rebuild target(s)).
     1>_PrepareForClean:
         Deleting file "Debug\inject_all_file_cplus.lastbuildstate".
       InitializeBuildStatus:
         Touching "Debug\inject_all_file_cplus.unsuccessfulbuild".
       ClCompile:
         c:\Program Files\Microsoft Visual Studio 10.0\VC\bin\CL.exe /c /ZI /nologo /W3 /WX- /Od /Oy- /D WIN32 /D _DEBUG /D _CONSOLE /D _UNICODE /D UNICODE /Gm /EHsc /RTC1 /MDd /GS /fp:precise /Zc:wchar_t /Zc:forScope /Fo"Debug\\" /Fd"Debug\vc100.pdb" /Gd /TP /analyze- /errorReport:prompt inject_all_file_cplus.cpp
         inject_all_file_cplus.cpp
     1>c:\documents and settings\administrator\my documents\visual studio 2010\projects\inject_all_file_cplus\inject_all_file_cplus\inject_all_file_cplus.cpp(61): warning C4018: '<' : signed/unsigned mismatch
       ManifestResourceCompile:
         c:\Program Files\Microsoft SDKs\Windows\v7.0A\bin\rc.exe /nologo /fo"Debug\inject_all_file_cplus.exe.embed.manifest.res" Debug\inject_all_file_cplus_manifest.rc 
       Link:
         c:\Program Files\Microsoft Visual Studio 10.0\VC\bin\link.exe /ERRORREPORT:PROMPT /OUT:"c:\documents and settings\administrator\my documents\visual studio 2010\Projects\inject_all_file_cplus\Debug\inject_all_file_cplus.exe" /INCREMENTAL /NOLOGO kernel32.lib user32.lib gdi32.lib winspool.lib comdlg32.lib advapi32.lib shell32.lib ole32.lib oleaut32.lib uuid.lib odbc32.lib odbccp32.lib /MANIFEST /ManifestFile:"Debug\inject_all_file_cplus.exe.intermediate.manifest" /MANIFESTUAC:"level='asInvoker' uiAccess='false'" /DEBUG /PDB:"c:\documents and settings\administrator\my documents\visual studio 2010\Projects\inject_all_file_cplus\Debug\inject_all_file_cplus.pdb" /SUBSYSTEM:CONSOLE /TLBID:1 /DYNAMICBASE /NXCOMPAT /IMPLIB:"c:\documents and settings\administrator\my documents\visual studio 2010\Projects\inject_all_file_cplus\Debug\inject_all_file_cplus.lib" /MACHINE:X86 Debug\inject_all_file_cplus.exe.embed.manifest.res
         Debug\inject_all_file_cplus.obj
       Manifest:
         Deleting file "Debug\inject_all_file_cplus.exe.embed.manifest".
         c:\Program Files\Microsoft SDKs\Windows\v7.0A\bin\mt.exe /nologo /verbose /out:"Debug\inject_all_file_cplus.exe.embed.manifest" /manifest Debug\inject_all_file_cplus.exe.intermediate.manifest
         c:\Program Files\Microsoft SDKs\Windows\v7.0A\bin\rc.exe /nologo /fo"Debug\inject_all_file_cplus.exe.embed.manifest.res" Debug\inject_all_file_cplus_manifest.rc 
       LinkEmbedManifest:
         c:\Program Files\Microsoft Visual Studio 10.0\VC\bin\link.exe /ERRORREPORT:PROMPT /OUT:"c:\documents and settings\administrator\my documents\visual studio 2010\Projects\inject_all_file_cplus\Debug\inject_all_file_cplus.exe" /INCREMENTAL /NOLOGO kernel32.lib user32.lib gdi32.lib winspool.lib comdlg32.lib advapi32.lib shell32.lib ole32.lib oleaut32.lib uuid.lib odbc32.lib odbccp32.lib /MANIFEST /ManifestFile:"Debug\inject_all_file_cplus.exe.intermediate.manifest" /MANIFESTUAC:"level='asInvoker' uiAccess='false'" /DEBUG /PDB:"c:\documents and settings\administrator\my documents\visual studio 2010\Projects\inject_all_file_cplus\Debug\inject_all_file_cplus.pdb" /SUBSYSTEM:CONSOLE /TLBID:1 /DYNAMICBASE /NXCOMPAT /IMPLIB:"c:\documents and settings\administrator\my documents\visual studio 2010\Projects\inject_all_file_cplus\Debug\inject_all_file_cplus.lib" /MACHINE:X86 Debug\inject_all_file_cplus.exe.embed.manifest.res
         Debug\inject_all_file_cplus.obj
         inject_all_file_cplus.vcxproj -> c:\documents and settings\administrator\my documents\visual studio 2010\Projects\inject_all_file_cplus\Debug\inject_all_file_cplus.exe
       FinalizeBuildStatus:
         Deleting file "Debug\inject_all_file_cplus.unsuccessfulbuild".
         Touching "Debug\inject_all_file_cplus.lastbuildstate".
     1>Done Building Project "c:\documents and settings\administrator\my documents\visual studio 2010\Projects\inject_all_file_cplus\inject_all_file_cplus\inject_all_file_cplus.vcxproj" (rebuild target(s)).

Build succeeded.

Time Elapsed 00:00:03.48
