  Assembling main.asm...
main.asm(66): error A2006: undefined symbol : CreateFile
main.asm(69): error A2006: undefined symbol : CreateFileMapping
main.asm(72): error A2006: undefined symbol : MapViewOfFile
main.asm(105): error A2006: undefined symbol : UnmapViewOfFile
main.asm(109): error A2006: undefined symbol : CloseHandle
main.asm(113): error A2006: undefined symbol : CloseHandle
main.asm(118): error A2006: undefined symbol : ExitProcess
main.asm(119): warning A6001: no return from procedure
main.asm(204): error A2006: undefined symbol : CloseHandle
main.asm(205): error A2006: undefined symbol : CreateFile
main.asm(208): error A2006: undefined symbol : GetFileSize
main.asm(211): error A2006: undefined symbol : CreateFileMapping
main.asm(216): error A2006: undefined symbol : MapViewOfFile
main.asm(269): error A2006: undefined symbol : SetFilePointer
main.asm(270): error A2006: undefined symbol : WriteFile
main.asm(271): error A2006: undefined symbol : SetFilePointer
main.asm(276): error A2006: undefined symbol : WriteFile
main.asm(282): error A2006: undefined symbol : SetFilePointer
main.asm(283): error A2006: undefined symbol : WriteFile
main.asm(286): error A2006: undefined symbol : SetFilePointer
main.asm(292): error A2006: undefined symbol : WriteFile
main.asm(295): error A2006: undefined symbol : FlushViewOfFile
main.asm(302): error A2006: undefined symbol : UnmapViewOfFile
main.asm(306): error A2006: undefined symbol : CloseHandle
main.asm(310): error A2006: undefined symbol : CloseHandle
main.asm(315): warning A6004: procedure argument or local not referenced : filename
main.asm(315): warning A6004: procedure argument or local not referenced : num
main.asm(331): warning A6004: procedure argument or local not referenced : pExcept
main.asm(331): warning A6004: procedure argument or local not referenced : pDispatch
C:\Program Files (x86)\MSBuild\Microsoft.Cpp\v4.0\V140\BuildCustomizations\masm.targets(50,5): error MSB3721: The command "ml.exe /c /nologo /Zi /Fo"Debug\main.obj" /Fl".lst" /I "C:\Irvine" /W3 /errorReport:prompt  /Tamain.asm" exited with code 1.
